<?xml version="1.0" encoding="UTF-8"?>
<testng-results ignored="0" total="1" passed="1" failed="0" skipped="0">
  <reporter-output>
  </reporter-output>
  <suite started-at="2022-07-20T21:36:48 IST" name="Default suite" finished-at="2022-07-20T21:37:22 IST" duration-ms="34115">
    <groups>
    </groups>
    <test started-at="2022-07-20T21:36:48 IST" name="Default test" finished-at="2022-07-20T21:37:22 IST" duration-ms="34115">
      <class name="org.practice.TestNG.ContactTest">
        <test-method is-config="true" signature="classSetup()[pri:0, instance:org.practice.TestNG.ContactTest@5e600dd5]" started-at="2022-07-20T21:36:48 IST" name="classSetup" finished-at="2022-07-20T21:36:58 IST" duration-ms="9923" status="PASS">
          <reporter-output>
          </reporter-output>
        </test-method> <!-- classSetup -->
        <test-method is-config="true" signature="login()[pri:0, instance:org.practice.TestNG.ContactTest@5e600dd5]" started-at="2022-07-20T21:36:58 IST" name="login" finished-at="2022-07-20T21:37:02 IST" duration-ms="4356" status="PASS">
          <reporter-output>
          </reporter-output>
        </test-method> <!-- login -->
        <test-method signature="deleteorganization()[pri:0, instance:org.practice.TestNG.ContactTest@5e600dd5]" started-at="2022-07-20T21:37:02 IST" name="deleteorganization" finished-at="2022-07-20T21:37:22 IST" duration-ms="19230" status="PASS">
          <reporter-output>
          </reporter-output>
        </test-method> <!-- deleteorganization -->
        <test-method is-config="true" signature="methodTearDown()[pri:0, instance:org.practice.TestNG.ContactTest@5e600dd5]" started-at="2022-07-20T21:37:22 IST" name="methodTearDown" finished-at="2022-07-20T21:37:22 IST" duration-ms="0" status="PASS">
          <reporter-output>
          </reporter-output>
        </test-method> <!-- methodTearDown -->
        <test-method is-config="true" signature="classTearDown()[pri:0, instance:org.practice.TestNG.ContactTest@5e600dd5]" started-at="2022-07-20T21:37:22 IST" name="classTearDown" finished-at="2022-07-20T21:37:22 IST" duration-ms="418" status="PASS">
          <reporter-output>
          </reporter-output>
        </test-method> <!-- classTearDown -->
      </class> <!-- org.practice.TestNG.ContactTest -->
    </test> <!-- Default test -->
  </suite> <!-- Default suite -->
</testng-results>
